2023-08-30 19:45:03.563  INFO 16552 --- [main] c.xuejingpan.xjpboot.XjpBootApplication  : Starting XjpBootApplication using Java 1.8.0_202 on HZPC3587 with PID 16552 (D:\code\github\xjp-boot\target\classes started by Administrator in D:\code\github\xjp-boot)
2023-08-30 19:45:03.650  INFO 16552 --- [main] c.xuejingpan.xjpboot.XjpBootApplication  : The following 1 profile is active: "test"
2023-08-30 19:45:05.613  INFO 16552 --- [main] .s.d.r.c.RepositoryConfigurationDelegate : Multiple Spring Data modules found, entering strict repository configuration mode
2023-08-30 19:45:05.615  INFO 16552 --- [main] .s.d.r.c.RepositoryConfigurationDelegate : Bootstrapping Spring Data Redis repositories in DEFAULT mode.
2023-08-30 19:45:05.644  INFO 16552 --- [main] .s.d.r.c.RepositoryConfigurationDelegate : Finished Spring Data repository scanning in 17 ms. Found 0 Redis repository interfaces.
2023-08-30 19:45:06.300  INFO 16552 --- [main] o.s.b.w.embedded.tomcat.TomcatWebServer  : Tomcat initialized with port(s): 8082 (http)
2023-08-30 19:45:06.306  INFO 16552 --- [main] o.apache.catalina.core.StandardService   : Starting service [Tomcat]
2023-08-30 19:45:06.307  INFO 16552 --- [main] org.apache.catalina.core.StandardEngine  : Starting Servlet engine: [Apache Tomcat/9.0.71]
2023-08-30 19:45:06.805  INFO 16552 --- [main] o.a.c.c.C.[Tomcat].[localhost].[/]       : Initializing Spring embedded WebApplicationContext
2023-08-30 19:45:06.805  INFO 16552 --- [main] w.s.c.ServletWebServerApplicationContext : Root WebApplicationContext: initialization completed in 3080 ms
2023-08-30 19:45:08.362  INFO 16552 --- [main] o.s.b.w.embedded.tomcat.TomcatWebServer  : Tomcat started on port(s): 8082 (http) with context path ''
2023-08-30 19:45:08.543  INFO 16552 --- [main] c.xuejingpan.xjpboot.XjpBootApplication  : Started XjpBootApplication in 5.388 seconds (JVM running for 6.567)
2023-08-30 19:45:20.039  INFO 16552 --- [http-nio-8082-exec-1] o.a.c.c.C.[Tomcat].[localhost].[/]       : Initializing Spring DispatcherServlet 'dispatcherServlet'
2023-08-30 19:45:20.039  INFO 16552 --- [http-nio-8082-exec-1] o.s.web.servlet.DispatcherServlet        : Initializing Servlet 'dispatcherServlet'
2023-08-30 19:45:20.042  INFO 16552 --- [http-nio-8082-exec-1] o.s.web.servlet.DispatcherServlet        : Completed initialization in 3 ms
2023-08-30 19:45:20.170  WARN 16552 --- [http-nio-8082-exec-1] c.x.x.c.handler.GlobalExceptionHandler   : 参数校验异常: org.springframework.web.bind.MethodArgumentNotValidException: Validation failed for argument [0] in public com.xuejingpan.xjpboot.common.result.Result<com.xuejingpan.xjpboot.web.vo.LoginVO> com.xuejingpan.xjpboot.web.controller.LoginController.login(com.xuejingpan.xjpboot.web.dto.LoginDTO): [Field error in object 'loginDTO' on field 'password': rejected value [nul111l]; codes [Range.loginDTO.password,Range.password,Range.java.lang.String,Range]; arguments [org.springframework.context.support.DefaultMessageSourceResolvable: codes [loginDTO.password,password]; arguments []; default message [password],18,6]; default message [密码长度必须在6位到18位之间]] 
2023-08-30 19:45:21.725  WARN 16552 --- [http-nio-8082-exec-2] c.x.x.c.handler.GlobalExceptionHandler   : 参数校验异常: org.springframework.web.bind.MethodArgumentNotValidException: Validation failed for argument [0] in public com.xuejingpan.xjpboot.common.result.Result<com.xuejingpan.xjpboot.web.vo.LoginVO> com.xuejingpan.xjpboot.web.controller.LoginController.login(com.xuejingpan.xjpboot.web.dto.LoginDTO): [Field error in object 'loginDTO' on field 'password': rejected value [nul111l]; codes [Range.loginDTO.password,Range.password,Range.java.lang.String,Range]; arguments [org.springframework.context.support.DefaultMessageSourceResolvable: codes [loginDTO.password,password]; arguments []; default message [password],18,6]; default message [密码长度必须在6位到18位之间]] 
2023-08-30 19:45:22.589  WARN 16552 --- [http-nio-8082-exec-5] c.x.x.c.handler.GlobalExceptionHandler   : 参数校验异常: org.springframework.web.bind.MethodArgumentNotValidException: Validation failed for argument [0] in public com.xuejingpan.xjpboot.common.result.Result<com.xuejingpan.xjpboot.web.vo.LoginVO> com.xuejingpan.xjpboot.web.controller.LoginController.login(com.xuejingpan.xjpboot.web.dto.LoginDTO): [Field error in object 'loginDTO' on field 'password': rejected value [nul111l]; codes [Range.loginDTO.password,Range.password,Range.java.lang.String,Range]; arguments [org.springframework.context.support.DefaultMessageSourceResolvable: codes [loginDTO.password,password]; arguments []; default message [password],18,6]; default message [密码长度必须在6位到18位之间]] 
2023-08-30 19:49:13.322  INFO 7980 --- [main] c.xuejingpan.xjpboot.XjpBootApplication  : Starting XjpBootApplication using Java 1.8.0_202 on HZPC3587 with PID 7980 (D:\code\github\xjp-boot\target\classes started by Administrator in D:\code\github\xjp-boot)
2023-08-30 19:49:13.325  INFO 7980 --- [main] c.xuejingpan.xjpboot.XjpBootApplication  : The following 1 profile is active: "test"
2023-08-30 19:49:14.385  INFO 7980 --- [main] .s.d.r.c.RepositoryConfigurationDelegate : Multiple Spring Data modules found, entering strict repository configuration mode
2023-08-30 19:49:14.386  INFO 7980 --- [main] .s.d.r.c.RepositoryConfigurationDelegate : Bootstrapping Spring Data Redis repositories in DEFAULT mode.
2023-08-30 19:49:14.410  INFO 7980 --- [main] .s.d.r.c.RepositoryConfigurationDelegate : Finished Spring Data repository scanning in 15 ms. Found 0 Redis repository interfaces.
2023-08-30 19:49:14.874  INFO 7980 --- [main] o.s.b.w.embedded.tomcat.TomcatWebServer  : Tomcat initialized with port(s): 8082 (http)
2023-08-30 19:49:14.879  INFO 7980 --- [main] o.apache.catalina.core.StandardService   : Starting service [Tomcat]
2023-08-30 19:49:14.880  INFO 7980 --- [main] org.apache.catalina.core.StandardEngine  : Starting Servlet engine: [Apache Tomcat/9.0.71]
2023-08-30 19:49:15.370  INFO 7980 --- [main] o.a.c.c.C.[Tomcat].[localhost].[/]       : Initializing Spring embedded WebApplicationContext
2023-08-30 19:49:15.370  INFO 7980 --- [main] w.s.c.ServletWebServerApplicationContext : Root WebApplicationContext: initialization completed in 2014 ms
2023-08-30 19:49:16.474  INFO 7980 --- [main] o.s.b.w.embedded.tomcat.TomcatWebServer  : Tomcat started on port(s): 8082 (http) with context path ''
2023-08-30 19:49:16.641  INFO 7980 --- [main] c.xuejingpan.xjpboot.XjpBootApplication  : Started XjpBootApplication in 3.613 seconds (JVM running for 4.638)
2023-08-30 19:49:27.006  INFO 7980 --- [http-nio-8082-exec-1] o.a.c.c.C.[Tomcat].[localhost].[/]       : Initializing Spring DispatcherServlet 'dispatcherServlet'
2023-08-30 19:49:27.006  INFO 7980 --- [http-nio-8082-exec-1] o.s.web.servlet.DispatcherServlet        : Initializing Servlet 'dispatcherServlet'
2023-08-30 19:49:27.008  INFO 7980 --- [http-nio-8082-exec-1] o.s.web.servlet.DispatcherServlet        : Completed initialization in 1 ms
2023-08-30 19:49:27.083  WARN 7980 --- [http-nio-8082-exec-1] c.x.x.c.handler.GlobalExceptionHandler   : 参数校验异常: org.springframework.web.bind.MethodArgumentNotValidException: Validation failed for argument [0] in public com.xuejingpan.xjpboot.common.result.Result<com.xuejingpan.xjpboot.web.vo.LoginVO> com.xuejingpan.xjpboot.web.controller.LoginController.login(com.xuejingpan.xjpboot.web.dto.LoginDTO): [Field error in object 'loginDTO' on field 'password': rejected value [11111]; codes [Size.loginDTO.password,Size.password,Size.java.lang.String,Size]; arguments [org.springframework.context.support.DefaultMessageSourceResolvable: codes [loginDTO.password,password]; arguments []; default message [password],18,6]; default message [密码长度必须在6位到18位之间]] 
2023-08-30 19:49:47.421  WARN 7980 --- [http-nio-8082-exec-3] c.x.x.c.handler.GlobalExceptionHandler   : 参数校验异常: org.springframework.web.bind.MethodArgumentNotValidException: Validation failed for argument [0] in public com.xuejingpan.xjpboot.common.result.Result<com.xuejingpan.xjpboot.web.vo.LoginVO> com.xuejingpan.xjpboot.web.controller.LoginController.login(com.xuejingpan.xjpboot.web.dto.LoginDTO): [Field error in object 'loginDTO' on field 'password': rejected value [1101111101111101111]; codes [Size.loginDTO.password,Size.password,Size.java.lang.String,Size]; arguments [org.springframework.context.support.DefaultMessageSourceResolvable: codes [loginDTO.password,password]; arguments []; default message [password],18,6]; default message [密码长度必须在6位到18位之间]] 
2023-08-30 19:50:43.458  INFO 27436 --- [main] c.xuejingpan.xjpboot.XjpBootApplication  : Starting XjpBootApplication using Java 1.8.0_202 on HZPC3587 with PID 27436 (D:\code\github\xjp-boot\target\classes started by Administrator in D:\code\github\xjp-boot)
2023-08-30 19:50:43.460  INFO 27436 --- [main] c.xuejingpan.xjpboot.XjpBootApplication  : The following 1 profile is active: "test"
2023-08-30 19:50:44.472  INFO 27436 --- [main] .s.d.r.c.RepositoryConfigurationDelegate : Multiple Spring Data modules found, entering strict repository configuration mode
2023-08-30 19:50:44.474  INFO 27436 --- [main] .s.d.r.c.RepositoryConfigurationDelegate : Bootstrapping Spring Data Redis repositories in DEFAULT mode.
2023-08-30 19:50:44.497  INFO 27436 --- [main] .s.d.r.c.RepositoryConfigurationDelegate : Finished Spring Data repository scanning in 14 ms. Found 0 Redis repository interfaces.
2023-08-30 19:50:45.001  INFO 27436 --- [main] o.s.b.w.embedded.tomcat.TomcatWebServer  : Tomcat initialized with port(s): 8082 (http)
2023-08-30 19:50:45.007  INFO 27436 --- [main] o.apache.catalina.core.StandardService   : Starting service [Tomcat]
2023-08-30 19:50:45.007  INFO 27436 --- [main] org.apache.catalina.core.StandardEngine  : Starting Servlet engine: [Apache Tomcat/9.0.71]
2023-08-30 19:50:45.501  INFO 27436 --- [main] o.a.c.c.C.[Tomcat].[localhost].[/]       : Initializing Spring embedded WebApplicationContext
2023-08-30 19:50:45.501  INFO 27436 --- [main] w.s.c.ServletWebServerApplicationContext : Root WebApplicationContext: initialization completed in 2011 ms
2023-08-30 19:50:46.612  INFO 27436 --- [main] o.s.b.w.embedded.tomcat.TomcatWebServer  : Tomcat started on port(s): 8082 (http) with context path ''
2023-08-30 19:50:46.791  INFO 27436 --- [main] c.xuejingpan.xjpboot.XjpBootApplication  : Started XjpBootApplication in 3.62 seconds (JVM running for 4.581)
2023-08-30 19:54:22.313  INFO 27436 --- [http-nio-8082-exec-1] o.a.c.c.C.[Tomcat].[localhost].[/]       : Initializing Spring DispatcherServlet 'dispatcherServlet'
2023-08-30 19:54:22.313  INFO 27436 --- [http-nio-8082-exec-1] o.s.web.servlet.DispatcherServlet        : Initializing Servlet 'dispatcherServlet'
2023-08-30 19:54:22.315  INFO 27436 --- [http-nio-8082-exec-1] o.s.web.servlet.DispatcherServlet        : Completed initialization in 1 ms
2023-08-30 19:54:22.398  WARN 27436 --- [http-nio-8082-exec-1] c.x.x.c.handler.GlobalExceptionHandler   : 参数校验异常: org.springframework.web.bind.MethodArgumentNotValidException: Validation failed for argument [0] in public com.xuejingpan.xjpboot.common.result.Result<com.xuejingpan.xjpboot.web.vo.LoginVO> com.xuejingpan.xjpboot.web.controller.LoginController.login(com.xuejingpan.xjpboot.web.dto.LoginDTO): [Field error in object 'loginDTO' on field 'password': rejected value [111]; codes [Size.loginDTO.password,Size.password,Size.java.lang.String,Size]; arguments [org.springframework.context.support.DefaultMessageSourceResolvable: codes [loginDTO.password,password]; arguments []; default message [password],18,6]; default message [密码长度必须在6位到18位之间]] 
2023-08-30 19:54:23.237  WARN 27436 --- [http-nio-8082-exec-2] c.x.x.c.handler.GlobalExceptionHandler   : 参数校验异常: org.springframework.web.bind.MethodArgumentNotValidException: Validation failed for argument [0] in public com.xuejingpan.xjpboot.common.result.Result<com.xuejingpan.xjpboot.web.vo.LoginVO> com.xuejingpan.xjpboot.web.controller.LoginController.login(com.xuejingpan.xjpboot.web.dto.LoginDTO): [Field error in object 'loginDTO' on field 'password': rejected value [111]; codes [Size.loginDTO.password,Size.password,Size.java.lang.String,Size]; arguments [org.springframework.context.support.DefaultMessageSourceResolvable: codes [loginDTO.password,password]; arguments []; default message [password],18,6]; default message [密码长度必须在6位到18位之间]] 
2023-08-30 19:54:23.727  WARN 27436 --- [http-nio-8082-exec-5] c.x.x.c.handler.GlobalExceptionHandler   : 参数校验异常: org.springframework.web.bind.MethodArgumentNotValidException: Validation failed for argument [0] in public com.xuejingpan.xjpboot.common.result.Result<com.xuejingpan.xjpboot.web.vo.LoginVO> com.xuejingpan.xjpboot.web.controller.LoginController.login(com.xuejingpan.xjpboot.web.dto.LoginDTO): [Field error in object 'loginDTO' on field 'password': rejected value [111]; codes [Size.loginDTO.password,Size.password,Size.java.lang.String,Size]; arguments [org.springframework.context.support.DefaultMessageSourceResolvable: codes [loginDTO.password,password]; arguments []; default message [password],18,6]; default message [密码长度必须在6位到18位之间]] 
2023-08-30 19:54:23.950  WARN 27436 --- [http-nio-8082-exec-4] c.x.x.c.handler.GlobalExceptionHandler   : 参数校验异常: org.springframework.web.bind.MethodArgumentNotValidException: Validation failed for argument [0] in public com.xuejingpan.xjpboot.common.result.Result<com.xuejingpan.xjpboot.web.vo.LoginVO> com.xuejingpan.xjpboot.web.controller.LoginController.login(com.xuejingpan.xjpboot.web.dto.LoginDTO): [Field error in object 'loginDTO' on field 'password': rejected value [111]; codes [Size.loginDTO.password,Size.password,Size.java.lang.String,Size]; arguments [org.springframework.context.support.DefaultMessageSourceResolvable: codes [loginDTO.password,password]; arguments []; default message [password],18,6]; default message [密码长度必须在6位到18位之间]] 
2023-08-30 19:54:32.957  WARN 27436 --- [http-nio-8082-exec-3] c.x.x.c.handler.GlobalExceptionHandler   : 参数校验异常: org.springframework.web.bind.MethodArgumentNotValidException: Validation failed for argument [0] in public com.xuejingpan.xjpboot.common.result.Result<com.xuejingpan.xjpboot.web.vo.LoginVO> com.xuejingpan.xjpboot.web.controller.LoginController.login(com.xuejingpan.xjpboot.web.dto.LoginDTO): [Field error in object 'loginDTO' on field 'password': rejected value [111]; codes [Size.loginDTO.password,Size.password,Size.java.lang.String,Size]; arguments [org.springframework.context.support.DefaultMessageSourceResolvable: codes [loginDTO.password,password]; arguments []; default message [password],18,6]; default message [密码长度必须在6位到18位之间]] 
2023-08-30 19:55:07.046  INFO 27436 --- [http-nio-8082-exec-10] c.x.x.service.Impl.UserServiceImpl       : 当前用户：123
2023-08-30 19:55:07.117  INFO 27436 --- [http-nio-8082-exec-10] com.zaxxer.hikari.HikariDataSource       : HikariPool-1 - Starting...
2023-08-30 19:55:07.248  INFO 27436 --- [http-nio-8082-exec-10] com.zaxxer.hikari.HikariDataSource       : HikariPool-1 - Start completed.
2023-08-30 19:55:07.252 DEBUG 27436 --- [http-nio-8082-exec-10] c.x.x.d.m.U.getUserPage_mpCount          : ==>  Preparing: SELECT COUNT(1) FROM user
2023-08-30 19:55:07.269 DEBUG 27436 --- [http-nio-8082-exec-10] c.x.x.d.m.U.getUserPage_mpCount          : ==> Parameters: 
2023-08-30 19:55:07.284 DEBUG 27436 --- [http-nio-8082-exec-10] c.x.x.d.m.U.getUserPage_mpCount          : <==      Total: 1
2023-08-30 19:55:07.289 DEBUG 27436 --- [http-nio-8082-exec-10] c.x.x.dao.mapper.UserMapper.getUserPage  : ==>  Preparing: SELECT * FROM user LIMIT ?
2023-08-30 19:55:07.290 DEBUG 27436 --- [http-nio-8082-exec-10] c.x.x.dao.mapper.UserMapper.getUserPage  : ==> Parameters: 10(Long)
2023-08-30 19:55:07.293 DEBUG 27436 --- [http-nio-8082-exec-10] c.x.x.dao.mapper.UserMapper.getUserPage  : <==      Total: 5
2023-08-30 19:55:07.306 DEBUG 27436 --- [xjp-boot-1] c.x.x.d.m.OperationLogMapper.insert      : ==>  Preparing: INSERT INTO operation_log ( account, content, method_name, request_data, response_data, execution_time, success ) VALUES ( ?, ?, ?, ?, ?, ?, ? )
2023-08-30 19:55:07.306 DEBUG 27436 --- [xjp-boot-1] c.x.x.d.m.OperationLogMapper.insert      : ==> Parameters: 123(String), 分页查询用户(String), UserController.getUserPage(String), [UserPageDTO(account=null, username=null, phone=null, email=null, state=null)](String), Result(code=0, message=success, data=com.baomidou.mybatisplus.extension.plugins.pagination.Page@6291eb9e)(String), 254(Long), true(Boolean)
2023-08-30 19:55:07.315 DEBUG 27436 --- [xjp-boot-1] c.x.x.d.m.OperationLogMapper.insert      : <==    Updates: 1
